0 info it worked if it ends with ok
1 verbose cli [ 'C:\\Program Files (x86)\\nodejs\\node.exe',
1 verbose cli   'C:\\Program Files (x86)\\nodejs\\node_modules\\npm\\bin\\npm-cli.js',
1 verbose cli   'install',
1 verbose cli   '--save',
1 verbose cli   'bcrypt' ]
2 info using npm@2.14.12
3 info using node@v4.2.4
4 verbose install initial load of C:\Important Business\Musicone\development\server\package.json
5 warn package.json musicone@1.0.0 No repository field.
6 warn package.json musicone@1.0.0 No README data
7 verbose installManyTop reading scoped package data from C:\Important Business\Musicone\development\server\node_modules\mongojs\package.json
8 verbose installManyTop reading scoped package data from C:\Important Business\Musicone\development\server\node_modules\morgan\package.json
9 verbose installManyTop reading scoped package data from C:\Important Business\Musicone\development\server\node_modules\restify\package.json
10 verbose readDependencies loading dependencies from C:\Important Business\Musicone\development\server\package.json
11 silly cache add args [ 'bcrypt', null ]
12 verbose cache add spec bcrypt
13 silly cache add parsed spec Result {
13 silly cache add   raw: 'bcrypt',
13 silly cache add   scope: null,
13 silly cache add   name: 'bcrypt',
13 silly cache add   rawSpec: '',
13 silly cache add   spec: 'latest',
13 silly cache add   type: 'tag' }
14 silly addNamed bcrypt@latest
15 verbose addNamed "latest" is being treated as a dist-tag for bcrypt
16 info addNameTag [ 'bcrypt', 'latest' ]
17 silly mapToRegistry name bcrypt
18 silly mapToRegistry using default registry
19 silly mapToRegistry registry https://registry.npmjs.org/
20 silly mapToRegistry uri https://registry.npmjs.org/bcrypt
21 verbose addNameTag registry:https://registry.npmjs.org/bcrypt not in flight; fetching
22 verbose request uri https://registry.npmjs.org/bcrypt
23 verbose request no auth needed
24 info attempt registry request try #1 at 6:42:20 PM
25 verbose request id b8a2cdaed8c7fb1e
26 verbose etag "1R6IPG6QUMP0IY6OSUM2DH2SH"
27 http request GET https://registry.npmjs.org/bcrypt
28 http 304 https://registry.npmjs.org/bcrypt
29 verbose headers { date: 'Thu, 11 Feb 2016 10:42:14 GMT',
29 verbose headers   via: '1.1 varnish',
29 verbose headers   'cache-control': 'max-age=300',
29 verbose headers   etag: '"1R6IPG6QUMP0IY6OSUM2DH2SH"',
29 verbose headers   age: '269',
29 verbose headers   connection: 'keep-alive',
29 verbose headers   'x-served-by': 'cache-ord1730-ORD',
29 verbose headers   'x-cache': 'HIT',
29 verbose headers   'x-cache-hits': '1',
29 verbose headers   'x-timer': 'S1455187334.119804,VS0,VE0',
29 verbose headers   vary: 'Accept' }
30 silly get cb [ 304,
30 silly get   { date: 'Thu, 11 Feb 2016 10:42:14 GMT',
30 silly get     via: '1.1 varnish',
30 silly get     'cache-control': 'max-age=300',
30 silly get     etag: '"1R6IPG6QUMP0IY6OSUM2DH2SH"',
30 silly get     age: '269',
30 silly get     connection: 'keep-alive',
30 silly get     'x-served-by': 'cache-ord1730-ORD',
30 silly get     'x-cache': 'HIT',
30 silly get     'x-cache-hits': '1',
30 silly get     'x-timer': 'S1455187334.119804,VS0,VE0',
30 silly get     vary: 'Accept' } ]
31 verbose etag https://registry.npmjs.org/bcrypt from cache
32 verbose get saving bcrypt to C:\Users\IBM_ADMIN\AppData\Roaming\npm-cache\registry.npmjs.org\bcrypt\.cache.json
33 silly addNameTag next cb for bcrypt with tag latest
34 silly addNamed bcrypt@0.8.5
35 verbose addNamed "0.8.5" is a plain semver version for bcrypt
36 silly cache afterAdd bcrypt@0.8.5
37 verbose afterAdd C:\Users\IBM_ADMIN\AppData\Roaming\npm-cache\bcrypt\0.8.5\package\package.json not in flight; writing
38 verbose afterAdd C:\Users\IBM_ADMIN\AppData\Roaming\npm-cache\bcrypt\0.8.5\package\package.json written
39 silly install resolved [ { name: 'bcrypt',
39 silly install resolved     description: 'A bcrypt library for NodeJS.',
39 silly install resolved     keywords:
39 silly install resolved      [ 'bcrypt',
39 silly install resolved        'password',
39 silly install resolved        'auth',
39 silly install resolved        'authentication',
39 silly install resolved        'encryption',
39 silly install resolved        'crypt',
39 silly install resolved        'crypto' ],
39 silly install resolved     main: './bcrypt',
39 silly install resolved     version: '0.8.5',
39 silly install resolved     author: { name: 'Nick Campbell', url: 'https://github.com/ncb000gt' },
39 silly install resolved     engines: { node: '>= 0.6.0' },
39 silly install resolved     repository:
39 silly install resolved      { type: 'git',
39 silly install resolved        url: 'git+https://github.com/ncb000gt/node.bcrypt.js.git' },
39 silly install resolved     license: 'MIT',
39 silly install resolved     bugs: { url: 'https://github.com/ncb000gt/node.bcrypt.js/issues' },
39 silly install resolved     scripts:
39 silly install resolved      { test: 'node-gyp configure build && nodeunit test',
39 silly install resolved        install: 'node-gyp rebuild' },
39 silly install resolved     dependencies: { bindings: '1.2.1', nan: '2.0.5' },
39 silly install resolved     devDependencies: { nodeunit: '~0.9.1' },
39 silly install resolved     contributors:
39 silly install resolved      [ [Object],
39 silly install resolved        [Object],
39 silly install resolved        [Object],
39 silly install resolved        [Object],
39 silly install resolved        [Object],
39 silly install resolved        [Object],
39 silly install resolved        [Object],
39 silly install resolved        [Object],
39 silly install resolved        [Object],
39 silly install resolved        [Object],
39 silly install resolved        [Object],
39 silly install resolved        [Object],
39 silly install resolved        [Object],
39 silly install resolved        [Object] ],
39 silly install resolved     gypfile: true,
39 silly install resolved     gitHead: '5d97708f06754d7d7989c67ba867002d10013615',
39 silly install resolved     homepage: 'https://github.com/ncb000gt/node.bcrypt.js#readme',
39 silly install resolved     _id: 'bcrypt@0.8.5',
39 silly install resolved     _shasum: '8e5b81b4db80e944f440005979ca8d58a961861d',
39 silly install resolved     _from: 'bcrypt@latest',
39 silly install resolved     _npmVersion: '2.13.3',
39 silly install resolved     _nodeVersion: '3.0.0',
39 silly install resolved     _npmUser: { name: 'defunctzombie', email: 'shtylman@gmail.com' },
39 silly install resolved     dist:
39 silly install resolved      { shasum: '8e5b81b4db80e944f440005979ca8d58a961861d',
39 silly install resolved        tarball: 'http://registry.npmjs.org/bcrypt/-/bcrypt-0.8.5.tgz' },
39 silly install resolved     maintainers: [ [Object], [Object], [Object], [Object] ],
39 silly install resolved     directories: {},
39 silly install resolved     _resolved: 'https://registry.npmjs.org/bcrypt/-/bcrypt-0.8.5.tgz',
39 silly install resolved     readme: 'ERROR: No README data found!' } ]
40 info install bcrypt@0.8.5 into C:\Important Business\Musicone\development\server
41 info installOne bcrypt@0.8.5
42 verbose installOne of bcrypt to C:\Important Business\Musicone\development\server not in flight; installing
43 verbose lock using C:\Users\IBM_ADMIN\AppData\Roaming\npm-cache\_locks\bcrypt-899b2fe5b5e43e52.lock for C:\Important Business\Musicone\development\server\node_modules\bcrypt
44 silly install write writing bcrypt 0.8.5 to C:\Important Business\Musicone\development\server\node_modules\bcrypt
45 verbose unbuild node_modules\bcrypt
46 silly gentlyRm C:\Important Business\Musicone\development\server\node_modules\bcrypt is being purged from base C:\Important Business\Musicone\development\server
47 verbose gentlyRm don't care about contents; nuking C:\Important Business\Musicone\development\server\node_modules\bcrypt
48 verbose tar unpack C:\Users\IBM_ADMIN\AppData\Roaming\npm-cache\bcrypt\0.8.5\package.tgz
49 verbose tar unpacking to C:\Important Business\Musicone\development\server\node_modules\bcrypt
50 silly gentlyRm C:\Important Business\Musicone\development\server\node_modules\bcrypt is being purged
51 verbose gentlyRm don't care about contents; nuking C:\Important Business\Musicone\development\server\node_modules\bcrypt
52 silly gunzTarPerm modes [ '777', '666' ]
53 silly gunzTarPerm extractEntry package.json
54 silly gunzTarPerm modified mode [ 'package.json', 420, 438 ]
55 silly gunzTarPerm extractEntry .npmignore
56 silly gunzTarPerm modified mode [ '.npmignore', 420, 438 ]
57 silly gunzTarPerm extractEntry README.md
58 silly gunzTarPerm modified mode [ 'README.md', 420, 438 ]
59 silly gunzTarPerm extractEntry LICENSE
60 silly gunzTarPerm modified mode [ 'LICENSE', 420, 438 ]
61 silly gunzTarPerm extractEntry bcrypt.js
62 silly gunzTarPerm modified mode [ 'bcrypt.js', 420, 438 ]
63 silly gunzTarPerm extractEntry binding.gyp
64 silly gunzTarPerm modified mode [ 'binding.gyp', 420, 438 ]
65 silly gunzTarPerm extractEntry .travis.yml
66 silly gunzTarPerm modified mode [ '.travis.yml', 420, 438 ]
67 silly gunzTarPerm extractEntry CHANGELOG.md
68 silly gunzTarPerm modified mode [ 'CHANGELOG.md', 420, 438 ]
69 silly gunzTarPerm extractEntry examples/async_compare.js
70 silly gunzTarPerm modified mode [ 'examples/async_compare.js', 420, 438 ]
71 silly gunzTarPerm extractEntry examples/forever_gen_salt.js
72 silly gunzTarPerm modified mode [ 'examples/forever_gen_salt.js', 420, 438 ]
73 silly gunzTarPerm extractEntry test/async.js
74 silly gunzTarPerm modified mode [ 'test/async.js', 420, 438 ]
75 silly gunzTarPerm extractEntry test/repetitions.js
76 silly gunzTarPerm modified mode [ 'test/repetitions.js', 420, 438 ]
77 silly gunzTarPerm extractEntry test/sync.js
78 silly gunzTarPerm modified mode [ 'test/sync.js', 420, 438 ]
79 silly gunzTarPerm extractEntry Makefile
80 silly gunzTarPerm modified mode [ 'Makefile', 420, 438 ]
81 silly gunzTarPerm extractEntry src/bcrypt.cc
82 silly gunzTarPerm modified mode [ 'src/bcrypt.cc', 420, 438 ]
83 silly gunzTarPerm extractEntry src/bcrypt_node.cc
84 silly gunzTarPerm modified mode [ 'src/bcrypt_node.cc', 420, 438 ]
85 silly gunzTarPerm extractEntry src/blowfish.cc
86 silly gunzTarPerm modified mode [ 'src/blowfish.cc', 420, 438 ]
87 silly gunzTarPerm extractEntry src/node_blf.h
88 silly gunzTarPerm modified mode [ 'src/node_blf.h', 420, 438 ]
89 silly gunzTarPerm extractEntry werker.yml
90 silly gunzTarPerm modified mode [ 'werker.yml', 420, 438 ]
91 verbose write writing to C:\Important Business\Musicone\development\server\node_modules\bcrypt\package.json
92 info preinstall bcrypt@0.8.5
93 verbose readDependencies loading dependencies from C:\Important Business\Musicone\development\server\node_modules\bcrypt\package.json
94 silly prepareForInstallMany adding bindings@1.2.1 from bcrypt dependencies
95 silly prepareForInstallMany adding nan@2.0.5 from bcrypt dependencies
96 verbose readDependencies loading dependencies from C:\Important Business\Musicone\development\server\node_modules\bcrypt\package.json
97 silly cache add args [ 'bindings@1.2.1', null ]
98 verbose cache add spec bindings@1.2.1
99 silly cache add args [ 'nan@2.0.5', null ]
100 verbose cache add spec nan@2.0.5
101 silly cache add parsed spec Result {
101 silly cache add   raw: 'bindings@1.2.1',
101 silly cache add   scope: null,
101 silly cache add   name: 'bindings',
101 silly cache add   rawSpec: '1.2.1',
101 silly cache add   spec: '1.2.1',
101 silly cache add   type: 'version' }
102 silly addNamed bindings@1.2.1
103 verbose addNamed "1.2.1" is a plain semver version for bindings
104 silly mapToRegistry name bindings
105 silly mapToRegistry using default registry
106 silly mapToRegistry registry https://registry.npmjs.org/
107 silly mapToRegistry uri https://registry.npmjs.org/bindings
108 verbose addNameVersion registry:https://registry.npmjs.org/bindings not in flight; fetching
109 silly cache add parsed spec Result {
109 silly cache add   raw: 'nan@2.0.5',
109 silly cache add   scope: null,
109 silly cache add   name: 'nan',
109 silly cache add   rawSpec: '2.0.5',
109 silly cache add   spec: '2.0.5',
109 silly cache add   type: 'version' }
110 silly addNamed nan@2.0.5
111 verbose addNamed "2.0.5" is a plain semver version for nan
112 silly mapToRegistry name nan
113 silly mapToRegistry using default registry
114 silly mapToRegistry registry https://registry.npmjs.org/
115 silly mapToRegistry uri https://registry.npmjs.org/nan
116 verbose addNameVersion registry:https://registry.npmjs.org/nan not in flight; fetching
117 verbose request uri https://registry.npmjs.org/bindings
118 verbose request no auth needed
119 info attempt registry request try #1 at 6:42:22 PM
120 verbose etag "1LLBF9OH58DLBEL4629U6032D"
121 http request GET https://registry.npmjs.org/bindings
122 verbose request uri https://registry.npmjs.org/nan
123 verbose request no auth needed
124 info attempt registry request try #1 at 6:42:22 PM
125 verbose etag "7Y2U1A5TWU1O0YTKGMD4FB8ZN"
126 http request GET https://registry.npmjs.org/nan
127 http 304 https://registry.npmjs.org/bindings
128 verbose headers { date: 'Thu, 11 Feb 2016 10:42:15 GMT',
128 verbose headers   via: '1.1 varnish',
128 verbose headers   'cache-control': 'max-age=300',
128 verbose headers   etag: '"1LLBF9OH58DLBEL4629U6032D"',
128 verbose headers   age: '201',
128 verbose headers   connection: 'keep-alive',
128 verbose headers   'x-served-by': 'cache-ord1725-ORD',
128 verbose headers   'x-cache': 'HIT',
128 verbose headers   'x-cache-hits': '1',
128 verbose headers   'x-timer': 'S1455187335.208465,VS0,VE0',
128 verbose headers   vary: 'Accept' }
129 silly get cb [ 304,
129 silly get   { date: 'Thu, 11 Feb 2016 10:42:15 GMT',
129 silly get     via: '1.1 varnish',
129 silly get     'cache-control': 'max-age=300',
129 silly get     etag: '"1LLBF9OH58DLBEL4629U6032D"',
129 silly get     age: '201',
129 silly get     connection: 'keep-alive',
129 silly get     'x-served-by': 'cache-ord1725-ORD',
129 silly get     'x-cache': 'HIT',
129 silly get     'x-cache-hits': '1',
129 silly get     'x-timer': 'S1455187335.208465,VS0,VE0',
129 silly get     vary: 'Accept' } ]
130 verbose etag https://registry.npmjs.org/bindings from cache
131 verbose get saving bindings to C:\Users\IBM_ADMIN\AppData\Roaming\npm-cache\registry.npmjs.org\bindings\.cache.json
132 http 304 https://registry.npmjs.org/nan
133 verbose headers { date: 'Thu, 11 Feb 2016 10:42:15 GMT',
133 verbose headers   via: '1.1 varnish',
133 verbose headers   'cache-control': 'max-age=300',
133 verbose headers   etag: '"7Y2U1A5TWU1O0YTKGMD4FB8ZN"',
133 verbose headers   age: '240',
133 verbose headers   connection: 'keep-alive',
133 verbose headers   'x-served-by': 'cache-ord1729-ORD',
133 verbose headers   'x-cache': 'HIT',
133 verbose headers   'x-cache-hits': '6',
133 verbose headers   'x-timer': 'S1455187335.209639,VS0,VE0',
133 verbose headers   vary: 'Accept' }
134 silly get cb [ 304,
134 silly get   { date: 'Thu, 11 Feb 2016 10:42:15 GMT',
134 silly get     via: '1.1 varnish',
134 silly get     'cache-control': 'max-age=300',
134 silly get     etag: '"7Y2U1A5TWU1O0YTKGMD4FB8ZN"',
134 silly get     age: '240',
134 silly get     connection: 'keep-alive',
134 silly get     'x-served-by': 'cache-ord1729-ORD',
134 silly get     'x-cache': 'HIT',
134 silly get     'x-cache-hits': '6',
134 silly get     'x-timer': 'S1455187335.209639,VS0,VE0',
134 silly get     vary: 'Accept' } ]
135 verbose etag https://registry.npmjs.org/nan from cache
136 verbose get saving nan to C:\Users\IBM_ADMIN\AppData\Roaming\npm-cache\registry.npmjs.org\nan\.cache.json
137 silly cache afterAdd nan@2.0.5
138 verbose afterAdd C:\Users\IBM_ADMIN\AppData\Roaming\npm-cache\nan\2.0.5\package\package.json not in flight; writing
139 silly cache afterAdd bindings@1.2.1
140 verbose afterAdd C:\Users\IBM_ADMIN\AppData\Roaming\npm-cache\bindings\1.2.1\package\package.json not in flight; writing
141 verbose afterAdd C:\Users\IBM_ADMIN\AppData\Roaming\npm-cache\nan\2.0.5\package\package.json written
142 verbose afterAdd C:\Users\IBM_ADMIN\AppData\Roaming\npm-cache\bindings\1.2.1\package\package.json written
143 silly install resolved [ { name: 'nan',
143 silly install resolved     version: '2.0.5',
143 silly install resolved     description: 'Native Abstractions for Node.js: C++ header for Node 0.8->0.12 compatibility',
143 silly install resolved     main: 'include_dirs.js',
143 silly install resolved     repository: { type: 'git', url: 'git://github.com/nodejs/nan.git' },
143 silly install resolved     scripts:
143 silly install resolved      { test: 'tap --gc test/js/*-test.js',
143 silly install resolved        'rebuild-tests': 'pangyp rebuild --msvs_version=2013 --directory test',
143 silly install resolved        docs: 'doc/.build.sh' },
143 silly install resolved     contributors:
143 silly install resolved      [ [Object],
143 silly install resolved        [Object],
143 silly install resolved        [Object],
143 silly install resolved        [Object],
143 silly install resolved        [Object],
143 silly install resolved        [Object],
143 silly install resolved        [Object] ],
143 silly install resolved     devDependencies:
143 silly install resolved      { bindings: '~1.2.1',
143 silly install resolved        'node-gyp': '~2.0.2',
143 silly install resolved        pangyp: '~2.2.0',
143 silly install resolved        tap: '~0.7.1',
143 silly install resolved        xtend: '~4.0.0' },
143 silly install resolved     license: 'MIT',
143 silly install resolved     gitHead: 'd13a2e9ce762fd130877b53c71d35963fa2cf689',
143 silly install resolved     bugs: { url: 'https://github.com/nodejs/nan/issues' },
143 silly install resolved     homepage: 'https://github.com/nodejs/nan#readme',
143 silly install resolved     _id: 'nan@2.0.5',
143 silly install resolved     _shasum: '365888014be1fd178db0cbfa258edf7b0cb1c408',
143 silly install resolved     _from: 'nan@2.0.5',
143 silly install resolved     _npmVersion: '2.13.3',
143 silly install resolved     _nodeVersion: '3.0.0',
143 silly install resolved     _npmUser: { name: 'kkoopa', email: 'bbyholm@abo.fi' },
143 silly install resolved     maintainers: [ [Object], [Object] ],
143 silly install resolved     dist:
143 silly install resolved      { shasum: '365888014be1fd178db0cbfa258edf7b0cb1c408',
143 silly install resolved        tarball: 'http://registry.npmjs.org/nan/-/nan-2.0.5.tgz' },
143 silly install resolved     directories: {},
143 silly install resolved     _resolved: 'https://registry.npmjs.org/nan/-/nan-2.0.5.tgz',
143 silly install resolved     readme: 'ERROR: No README data found!' },
143 silly install resolved   { name: 'bindings',
143 silly install resolved     description: 'Helper module for loading your native module\'s .node file',
143 silly install resolved     keywords: [ 'native', 'addon', 'bindings', 'gyp', 'waf', 'c', 'c++' ],
143 silly install resolved     version: '1.2.1',
143 silly install resolved     author:
143 silly install resolved      { name: 'Nathan Rajlich',
143 silly install resolved        email: 'nathan@tootallnate.net',
143 silly install resolved        url: 'http://tootallnate.net' },
143 silly install resolved     repository:
143 silly install resolved      { type: 'git',
143 silly install resolved        url: 'git://github.com/TooTallNate/node-bindings.git' },
143 silly install resolved     main: './bindings.js',
143 silly install resolved     bugs: { url: 'https://github.com/TooTallNate/node-bindings/issues' },
143 silly install resolved     homepage: 'https://github.com/TooTallNate/node-bindings',
143 silly install resolved     license: 'MIT',
143 silly install resolved     gitHead: 'e404152ee27f8478ccbc7122ee051246e8e5ec02',
143 silly install resolved     _id: 'bindings@1.2.1',
143 silly install resolved     scripts: {},
143 silly install resolved     _shasum: '14ad6113812d2d37d72e67b4cacb4bb726505f11',
143 silly install resolved     _from: 'bindings@1.2.1',
143 silly install resolved     _npmVersion: '1.4.14',
143 silly install resolved     _npmUser: { name: 'tootallnate', email: 'nathan@tootallnate.net' },
143 silly install resolved     maintainers: [ [Object], [Object] ],
143 silly install resolved     dist:
143 silly install resolved      { shasum: '14ad6113812d2d37d72e67b4cacb4bb726505f11',
143 silly install resolved        tarball: 'http://registry.npmjs.org/bindings/-/bindings-1.2.1.tgz' },
143 silly install resolved     directories: {},
143 silly install resolved     _resolved: 'https://registry.npmjs.org/bindings/-/bindings-1.2.1.tgz',
143 silly install resolved     readme: 'ERROR: No README data found!' } ]
144 info install nan@2.0.5 into C:\Important Business\Musicone\development\server\node_modules\bcrypt
145 info install bindings@1.2.1 into C:\Important Business\Musicone\development\server\node_modules\bcrypt
146 info installOne nan@2.0.5
147 verbose installOne of nan to C:\Important Business\Musicone\development\server\node_modules\bcrypt not in flight; installing
148 info installOne bindings@1.2.1
149 verbose installOne of bindings to C:\Important Business\Musicone\development\server\node_modules\bcrypt not in flight; installing
150 verbose lock using C:\Users\IBM_ADMIN\AppData\Roaming\npm-cache\_locks\nan-79095c6cdba33619.lock for C:\Important Business\Musicone\development\server\node_modules\bcrypt\node_modules\nan
151 verbose lock using C:\Users\IBM_ADMIN\AppData\Roaming\npm-cache\_locks\bindings-322e4c5dd2b9d0f7.lock for C:\Important Business\Musicone\development\server\node_modules\bcrypt\node_modules\bindings
152 silly install write writing nan 2.0.5 to C:\Important Business\Musicone\development\server\node_modules\bcrypt\node_modules\nan
153 silly install write writing bindings 1.2.1 to C:\Important Business\Musicone\development\server\node_modules\bcrypt\node_modules\bindings
154 verbose unbuild node_modules\bcrypt\node_modules\nan
155 verbose unbuild node_modules\bcrypt\node_modules\bindings
156 silly gentlyRm C:\Important Business\Musicone\development\server\node_modules\bcrypt\node_modules\nan is being purged from base C:\Important Business\Musicone\development\server
157 verbose gentlyRm don't care about contents; nuking C:\Important Business\Musicone\development\server\node_modules\bcrypt\node_modules\nan
158 verbose tar unpack C:\Users\IBM_ADMIN\AppData\Roaming\npm-cache\nan\2.0.5\package.tgz
159 verbose tar unpacking to C:\Important Business\Musicone\development\server\node_modules\bcrypt\node_modules\nan
160 silly gentlyRm C:\Important Business\Musicone\development\server\node_modules\bcrypt\node_modules\nan is being purged
161 verbose gentlyRm don't care about contents; nuking C:\Important Business\Musicone\development\server\node_modules\bcrypt\node_modules\nan
162 silly gunzTarPerm modes [ '777', '666' ]
163 silly gentlyRm C:\Important Business\Musicone\development\server\node_modules\bcrypt\node_modules\bindings is being purged from base C:\Important Business\Musicone\development\server
164 verbose gentlyRm don't care about contents; nuking C:\Important Business\Musicone\development\server\node_modules\bcrypt\node_modules\bindings
165 verbose tar unpack C:\Users\IBM_ADMIN\AppData\Roaming\npm-cache\bindings\1.2.1\package.tgz
166 verbose tar unpacking to C:\Important Business\Musicone\development\server\node_modules\bcrypt\node_modules\bindings
167 silly gentlyRm C:\Important Business\Musicone\development\server\node_modules\bcrypt\node_modules\bindings is being purged
168 verbose gentlyRm don't care about contents; nuking C:\Important Business\Musicone\development\server\node_modules\bcrypt\node_modules\bindings
169 silly gunzTarPerm modes [ '777', '666' ]
170 silly gunzTarPerm extractEntry package.json
171 silly gunzTarPerm modified mode [ 'package.json', 436, 438 ]
172 silly gunzTarPerm extractEntry package.json
173 silly gunzTarPerm modified mode [ 'package.json', 420, 438 ]
174 silly gunzTarPerm extractEntry README.md
175 silly gunzTarPerm modified mode [ 'README.md', 436, 438 ]
176 silly gunzTarPerm extractEntry include_dirs.js
177 silly gunzTarPerm modified mode [ 'include_dirs.js', 436, 438 ]
178 silly gunzTarPerm extractEntry README.md
179 silly gunzTarPerm modified mode [ 'README.md', 420, 438 ]
180 silly gunzTarPerm extractEntry bindings.js
181 silly gunzTarPerm modified mode [ 'bindings.js', 420, 438 ]
182 silly gunzTarPerm extractEntry nan_converters.h
183 silly gunzTarPerm modified mode [ 'nan_converters.h', 436, 438 ]
184 silly gunzTarPerm extractEntry LICENSE.md
185 silly gunzTarPerm modified mode [ 'LICENSE.md', 436, 438 ]
186 silly gunzTarPerm extractEntry .dntrc
187 silly gunzTarPerm modified mode [ '.dntrc', 436, 438 ]
188 silly gunzTarPerm extractEntry appveyor.yml
189 silly gunzTarPerm modified mode [ 'appveyor.yml', 436, 438 ]
190 silly gunzTarPerm extractEntry doc/new.md
191 silly gunzTarPerm modified mode [ 'doc/new.md', 436, 438 ]
192 silly gunzTarPerm extractEntry doc/.build.sh
193 silly gunzTarPerm modified mode [ 'doc/.build.sh', 509, 511 ]
194 silly gunzTarPerm extractEntry doc/buffers.md
195 silly gunzTarPerm modified mode [ 'doc/buffers.md', 436, 438 ]
196 silly gunzTarPerm extractEntry doc/callback.md
197 silly gunzTarPerm modified mode [ 'doc/callback.md', 436, 438 ]
198 verbose write writing to C:\Important Business\Musicone\development\server\node_modules\bcrypt\node_modules\bindings\package.json
199 silly gunzTarPerm extractEntry doc/converters.md
200 silly gunzTarPerm modified mode [ 'doc/converters.md', 436, 438 ]
201 silly gunzTarPerm extractEntry doc/errors.md
202 silly gunzTarPerm modified mode [ 'doc/errors.md', 436, 438 ]
203 info preinstall bindings@1.2.1
204 verbose readDependencies loading dependencies from C:\Important Business\Musicone\development\server\node_modules\bcrypt\node_modules\bindings\package.json
205 verbose readDependencies loading dependencies from C:\Important Business\Musicone\development\server\node_modules\bcrypt\node_modules\bindings\package.json
206 silly gunzTarPerm extractEntry doc/maybe_types.md
207 silly gunzTarPerm modified mode [ 'doc/maybe_types.md', 436, 438 ]
208 silly gunzTarPerm extractEntry doc/methods.md
209 silly gunzTarPerm modified mode [ 'doc/methods.md', 436, 438 ]
210 silly install resolved []
211 verbose about to build C:\Important Business\Musicone\development\server\node_modules\bcrypt\node_modules\bindings
212 info build C:\Important Business\Musicone\development\server\node_modules\bcrypt\node_modules\bindings
213 info linkStuff bindings@1.2.1
214 silly linkStuff bindings@1.2.1 has C:\Important Business\Musicone\development\server\node_modules\bcrypt\node_modules as its parent node_modules
215 silly gunzTarPerm extractEntry doc/asyncworker.md
216 silly gunzTarPerm modified mode [ 'doc/asyncworker.md', 436, 438 ]
217 silly gunzTarPerm extractEntry doc/node_misc.md
218 silly gunzTarPerm modified mode [ 'doc/node_misc.md', 436, 438 ]
219 verbose linkBins bindings@1.2.1
220 verbose linkMans bindings@1.2.1
221 verbose rebuildBundles bindings@1.2.1
222 info install bindings@1.2.1
223 silly gunzTarPerm extractEntry doc/persistent.md
224 silly gunzTarPerm modified mode [ 'doc/persistent.md', 436, 438 ]
225 silly gunzTarPerm extractEntry doc/scopes.md
226 silly gunzTarPerm modified mode [ 'doc/scopes.md', 436, 438 ]
227 info postinstall bindings@1.2.1
228 verbose unlock done using C:\Users\IBM_ADMIN\AppData\Roaming\npm-cache\_locks\bindings-322e4c5dd2b9d0f7.lock for C:\Important Business\Musicone\development\server\node_modules\bcrypt\node_modules\bindings
229 silly gunzTarPerm extractEntry doc/script.md
230 silly gunzTarPerm modified mode [ 'doc/script.md', 436, 438 ]
231 silly gunzTarPerm extractEntry doc/string_bytes.md
232 silly gunzTarPerm modified mode [ 'doc/string_bytes.md', 436, 438 ]
233 silly gunzTarPerm extractEntry doc/v8_internals.md
234 silly gunzTarPerm modified mode [ 'doc/v8_internals.md', 436, 438 ]
235 silly gunzTarPerm extractEntry doc/v8_misc.md
236 silly gunzTarPerm modified mode [ 'doc/v8_misc.md', 436, 438 ]
237 silly gunzTarPerm extractEntry nan.h
238 silly gunzTarPerm modified mode [ 'nan.h', 436, 438 ]
239 silly gunzTarPerm extractEntry nan_callbacks.h
240 silly gunzTarPerm modified mode [ 'nan_callbacks.h', 436, 438 ]
241 silly gunzTarPerm extractEntry nan_callbacks_12_inl.h
242 silly gunzTarPerm modified mode [ 'nan_callbacks_12_inl.h', 436, 438 ]
243 silly gunzTarPerm extractEntry nan_callbacks_pre_12_inl.h
244 silly gunzTarPerm modified mode [ 'nan_callbacks_pre_12_inl.h', 436, 438 ]
245 silly gunzTarPerm extractEntry nan_converters_43_inl.h
246 silly gunzTarPerm modified mode [ 'nan_converters_43_inl.h', 436, 438 ]
247 silly gunzTarPerm extractEntry nan_converters_pre_43_inl.h
248 silly gunzTarPerm modified mode [ 'nan_converters_pre_43_inl.h', 436, 438 ]
249 silly gunzTarPerm extractEntry nan_implementation_12_inl.h
250 silly gunzTarPerm modified mode [ 'nan_implementation_12_inl.h', 436, 438 ]
251 silly gunzTarPerm extractEntry nan_implementation_pre_12_inl.h
252 silly gunzTarPerm modified mode [ 'nan_implementation_pre_12_inl.h', 436, 438 ]
253 silly gunzTarPerm extractEntry nan_maybe_43_inl.h
254 silly gunzTarPerm modified mode [ 'nan_maybe_43_inl.h', 436, 438 ]
255 silly gunzTarPerm extractEntry nan_maybe_pre_43_inl.h
256 silly gunzTarPerm modified mode [ 'nan_maybe_pre_43_inl.h', 436, 438 ]
257 silly gunzTarPerm extractEntry nan_new.h
258 silly gunzTarPerm modified mode [ 'nan_new.h', 436, 438 ]
259 silly gunzTarPerm extractEntry nan_object_wrap.h
260 silly gunzTarPerm modified mode [ 'nan_object_wrap.h', 436, 438 ]
261 silly gunzTarPerm extractEntry nan_persistent_12_inl.h
262 silly gunzTarPerm modified mode [ 'nan_persistent_12_inl.h', 436, 438 ]
263 silly gunzTarPerm extractEntry nan_persistent_pre_12_inl.h
264 silly gunzTarPerm modified mode [ 'nan_persistent_pre_12_inl.h', 436, 438 ]
265 silly gunzTarPerm extractEntry nan_string_bytes.h
266 silly gunzTarPerm modified mode [ 'nan_string_bytes.h', 436, 438 ]
267 silly gunzTarPerm extractEntry nan_weak.h
268 silly gunzTarPerm modified mode [ 'nan_weak.h', 436, 438 ]
269 silly gunzTarPerm extractEntry CHANGELOG.md
270 silly gunzTarPerm modified mode [ 'CHANGELOG.md', 436, 438 ]
271 silly gunzTarPerm extractEntry tools/package.json
272 silly gunzTarPerm modified mode [ 'tools/package.json', 436, 438 ]
273 silly gunzTarPerm extractEntry tools/README.md
274 silly gunzTarPerm modified mode [ 'tools/README.md', 436, 438 ]
275 silly gunzTarPerm extractEntry tools/1to2.js
276 silly gunzTarPerm modified mode [ 'tools/1to2.js', 509, 511 ]
277 verbose write writing to C:\Important Business\Musicone\development\server\node_modules\bcrypt\node_modules\nan\package.json
278 info preinstall nan@2.0.5
279 verbose readDependencies loading dependencies from C:\Important Business\Musicone\development\server\node_modules\bcrypt\node_modules\nan\package.json
280 verbose readDependencies loading dependencies from C:\Important Business\Musicone\development\server\node_modules\bcrypt\node_modules\nan\package.json
281 silly install resolved []
282 verbose about to build C:\Important Business\Musicone\development\server\node_modules\bcrypt\node_modules\nan
283 info build C:\Important Business\Musicone\development\server\node_modules\bcrypt\node_modules\nan
284 info linkStuff nan@2.0.5
285 silly linkStuff nan@2.0.5 has C:\Important Business\Musicone\development\server\node_modules\bcrypt\node_modules as its parent node_modules
286 verbose linkBins nan@2.0.5
287 verbose linkMans nan@2.0.5
288 verbose rebuildBundles nan@2.0.5
289 info install nan@2.0.5
290 info postinstall nan@2.0.5
291 verbose unlock done using C:\Users\IBM_ADMIN\AppData\Roaming\npm-cache\_locks\nan-79095c6cdba33619.lock for C:\Important Business\Musicone\development\server\node_modules\bcrypt\node_modules\nan
292 verbose about to build C:\Important Business\Musicone\development\server\node_modules\bcrypt
293 info build C:\Important Business\Musicone\development\server\node_modules\bcrypt
294 info linkStuff bcrypt@0.8.5
295 silly linkStuff bcrypt@0.8.5 has C:\Important Business\Musicone\development\server\node_modules as its parent node_modules
296 verbose linkBins bcrypt@0.8.5
297 verbose linkMans bcrypt@0.8.5
298 verbose rebuildBundles bcrypt@0.8.5
299 verbose rebuildBundles [ 'bindings', 'nan' ]
300 info install bcrypt@0.8.5
301 verbose unsafe-perm in lifecycle true
302 info bcrypt@0.8.5 Failed to exec install script
303 verbose unlock done using C:\Users\IBM_ADMIN\AppData\Roaming\npm-cache\_locks\bcrypt-899b2fe5b5e43e52.lock for C:\Important Business\Musicone\development\server\node_modules\bcrypt
304 verbose stack Error: bcrypt@0.8.5 install: `node-gyp rebuild`
304 verbose stack Exit status 1
304 verbose stack     at EventEmitter.<anonymous> (C:\Program Files (x86)\nodejs\node_modules\npm\lib\utils\lifecycle.js:214:16)
304 verbose stack     at emitTwo (events.js:87:13)
304 verbose stack     at EventEmitter.emit (events.js:172:7)
304 verbose stack     at ChildProcess.<anonymous> (C:\Program Files (x86)\nodejs\node_modules\npm\lib\utils\spawn.js:24:14)
304 verbose stack     at emitTwo (events.js:87:13)
304 verbose stack     at ChildProcess.emit (events.js:172:7)
304 verbose stack     at maybeClose (internal/child_process.js:818:16)
304 verbose stack     at Process.ChildProcess._handle.onexit (internal/child_process.js:211:5)
305 verbose pkgid bcrypt@0.8.5
306 verbose cwd C:\Important Business\Musicone\development\server
307 error Windows_NT 6.1.7601
308 error argv "C:\\Program Files (x86)\\nodejs\\node.exe" "C:\\Program Files (x86)\\nodejs\\node_modules\\npm\\bin\\npm-cli.js" "install" "--save" "bcrypt"
309 error node v4.2.4
310 error npm  v2.14.12
311 error code ELIFECYCLE
312 error bcrypt@0.8.5 install: `node-gyp rebuild`
312 error Exit status 1
313 error Failed at the bcrypt@0.8.5 install script 'node-gyp rebuild'.
313 error This is most likely a problem with the bcrypt package,
313 error not with npm itself.
313 error Tell the author that this fails on your system:
313 error     node-gyp rebuild
313 error You can get their info via:
313 error     npm owner ls bcrypt
313 error There is likely additional logging output above.
314 verbose exit [ 1, true ]
315 verbose unbuild node_modules\bcrypt
316 info preuninstall bcrypt@0.8.5
317 info uninstall bcrypt@0.8.5
318 verbose unbuild rmStuff bcrypt@0.8.5 from C:\Important Business\Musicone\development\server\node_modules
319 info postuninstall bcrypt@0.8.5
320 silly gentlyRm C:\Important Business\Musicone\development\server\node_modules\bcrypt is being purged from base C:\Important Business\Musicone\development\server
321 verbose gentlyRm don't care about contents; nuking C:\Important Business\Musicone\development\server\node_modules\bcrypt
322 silly vacuum-fs purging C:\Important Business\Musicone\development\server\node_modules\bcrypt
323 silly vacuum-fs quitting because other entries in C:\Important Business\Musicone\development\server\node_modules
